

Microchip MPLAB XC8 Assembler V2.31 build 20201012212115 
                                                                                               Fri Jun 04 18:55:05 2021

Microchip MPLAB XC8 C Compiler v2.31 (Free license) build 20201012212115 Og1 
     1                           	processor	16F887
     2                           	pagewidth 120
     3                           	opt	flic
     4                           	psect	cinit,global,class=CODE,merge=1,delta=2
     5                           	psect	bssCOMMON,global,class=COMMON,space=1,delta=1,noexec
     6                           	psect	bssBANK0,global,class=BANK0,space=1,delta=1,noexec
     7                           	psect	cstackCOMMON,global,class=COMMON,space=1,delta=1,noexec
     8                           	psect	cstackBANK0,global,class=BANK0,space=1,delta=1,noexec
     9                           	psect	maintext,global,class=CODE,split=1,delta=2
    10                           	psect	text1,local,class=CODE,merge=1,delta=2
    11                           	psect	intentry,global,class=CODE,delta=2
    12                           	psect	text2,local,class=CODE,merge=1,delta=2
    13                           	psect	config,global,abs,ovrld,class=CONFIG,space=4,delta=2,noexec
    14                           	dabs	1,0x7E,2
    15  0000                     
    16                           ; Version 2.20
    17                           ; Generated 12/02/2020 GMT
    18                           ; 
    19                           ; Copyright © 2020, Microchip Technology Inc. and its subsidiaries ("Microchip")
    20                           ; All rights reserved.
    21                           ; 
    22                           ; This software is developed by Microchip Technology Inc. and its subsidiaries ("Microch
      +                          ip").
    23                           ; 
    24                           ; Redistribution and use in source and binary forms, with or without modification, are
    25                           ; permitted provided that the following conditions are met:
    26                           ; 
    27                           ;     1. Redistributions of source code must retain the above copyright notice, this lis
      +                          t of
    28                           ;        conditions and the following disclaimer.
    29                           ; 
    30                           ;     2. Redistributions in binary form must reproduce the above copyright notice, this 
      +                          list
    31                           ;        of conditions and the following disclaimer in the documentation and/or other
    32                           ;        materials provided with the distribution.
    33                           ; 
    34                           ;     3. Microchip's name may not be used to endorse or promote products derived from th
      +                          is
    35                           ;        software without specific prior written permission.
    36                           ; 
    37                           ; THIS SOFTWARE IS PROVIDED BY MICROCHIP "AS IS" AND ANY EXPRESS OR IMPLIED WARRANTIES,
    38                           ; INCLUDING, BUT NOT LIMITED TO, THE IMPLIED WARRANTIES OF MERCHANTABILITY AND FITNESS F
      +                          OR
    39                           ; PURPOSE ARE DISCLAIMED.  IN NO EVENT SHALL MICROCHIP BE LIABLE FOR ANY DIRECT, INDIREC
      +                          T,
    40                           ; INCIDENTAL, SPECIAL, EXEMPLARY, OR CONSEQUENTIAL DAMAGES (INCLUDING BUT NOT LIMITED TO
    41                           ; PROCUREMENT OF SUBSTITUTE GOODS OR SERVICES; LOSS OF USE, DATA OR PROFITS; OR BUSINESS
    42                           ; INTERRUPTION) HOWSOEVER CAUSED AND ON ANY THEORY OF LIABILITY, WHETHER IN CONTRACT, ST
      +                          RICT
    43                           ; LIABILITY, OR TORT (INCLUDING NEGLIGENCE OR OTHERWISE) ARISING IN ANY WAY OUT OF THE U
      +                          SE OF
    44                           ; THIS SOFTWARE, EVEN IF ADVISED OF THE POSSIBILITY OF SUCH DAMAGE.
    45                           ; 
    46                           ; 
    47                           ; Code-generator required, PIC16F887 Definitions
    48                           ; 
    49                           ; SFR Addresses
    50  0000                     	;# 
    51  0001                     	;# 
    52  0002                     	;# 
    53  0003                     	;# 
    54  0004                     	;# 
    55  0005                     	;# 
    56  0006                     	;# 
    57  0007                     	;# 
    58  0008                     	;# 
    59  0009                     	;# 
    60  000A                     	;# 
    61  000B                     	;# 
    62  000C                     	;# 
    63  000D                     	;# 
    64  000E                     	;# 
    65  000E                     	;# 
    66  000F                     	;# 
    67  0010                     	;# 
    68  0011                     	;# 
    69  0012                     	;# 
    70  0013                     	;# 
    71  0014                     	;# 
    72  0015                     	;# 
    73  0015                     	;# 
    74  0016                     	;# 
    75  0017                     	;# 
    76  0018                     	;# 
    77  0019                     	;# 
    78  001A                     	;# 
    79  001B                     	;# 
    80  001B                     	;# 
    81  001C                     	;# 
    82  001D                     	;# 
    83  001E                     	;# 
    84  001F                     	;# 
    85  0081                     	;# 
    86  0085                     	;# 
    87  0086                     	;# 
    88  0087                     	;# 
    89  0088                     	;# 
    90  0089                     	;# 
    91  008C                     	;# 
    92  008D                     	;# 
    93  008E                     	;# 
    94  008F                     	;# 
    95  0090                     	;# 
    96  0091                     	;# 
    97  0092                     	;# 
    98  0093                     	;# 
    99  0093                     	;# 
   100  0093                     	;# 
   101  0094                     	;# 
   102  0095                     	;# 
   103  0096                     	;# 
   104  0097                     	;# 
   105  0098                     	;# 
   106  0099                     	;# 
   107  009A                     	;# 
   108  009B                     	;# 
   109  009C                     	;# 
   110  009D                     	;# 
   111  009E                     	;# 
   112  009F                     	;# 
   113  0105                     	;# 
   114  0107                     	;# 
   115  0108                     	;# 
   116  0109                     	;# 
   117  010C                     	;# 
   118  010C                     	;# 
   119  010D                     	;# 
   120  010E                     	;# 
   121  010F                     	;# 
   122  0185                     	;# 
   123  0187                     	;# 
   124  0188                     	;# 
   125  0189                     	;# 
   126  018C                     	;# 
   127  018D                     	;# 
   128  0000                     	;# 
   129  0001                     	;# 
   130  0002                     	;# 
   131  0003                     	;# 
   132  0004                     	;# 
   133  0005                     	;# 
   134  0006                     	;# 
   135  0007                     	;# 
   136  0008                     	;# 
   137  0009                     	;# 
   138  000A                     	;# 
   139  000B                     	;# 
   140  000C                     	;# 
   141  000D                     	;# 
   142  000E                     	;# 
   143  000E                     	;# 
   144  000F                     	;# 
   145  0010                     	;# 
   146  0011                     	;# 
   147  0012                     	;# 
   148  0013                     	;# 
   149  0014                     	;# 
   150  0015                     	;# 
   151  0015                     	;# 
   152  0016                     	;# 
   153  0017                     	;# 
   154  0018                     	;# 
   155  0019                     	;# 
   156  001A                     	;# 
   157  001B                     	;# 
   158  001B                     	;# 
   159  001C                     	;# 
   160  001D                     	;# 
   161  001E                     	;# 
   162  001F                     	;# 
   163  0081                     	;# 
   164  0085                     	;# 
   165  0086                     	;# 
   166  0087                     	;# 
   167  0088                     	;# 
   168  0089                     	;# 
   169  008C                     	;# 
   170  008D                     	;# 
   171  008E                     	;# 
   172  008F                     	;# 
   173  0090                     	;# 
   174  0091                     	;# 
   175  0092                     	;# 
   176  0093                     	;# 
   177  0093                     	;# 
   178  0093                     	;# 
   179  0094                     	;# 
   180  0095                     	;# 
   181  0096                     	;# 
   182  0097                     	;# 
   183  0098                     	;# 
   184  0099                     	;# 
   185  009A                     	;# 
   186  009B                     	;# 
   187  009C                     	;# 
   188  009D                     	;# 
   189  009E                     	;# 
   190  009F                     	;# 
   191  0105                     	;# 
   192  0107                     	;# 
   193  0108                     	;# 
   194  0109                     	;# 
   195  010C                     	;# 
   196  010C                     	;# 
   197  010D                     	;# 
   198  010E                     	;# 
   199  010F                     	;# 
   200  0185                     	;# 
   201  0187                     	;# 
   202  0188                     	;# 
   203  0189                     	;# 
   204  018C                     	;# 
   205  018D                     	;# 
   206  0012                     _T2CONbits	set	18
   207  0010                     _T1CONbits	set	16
   208  001D                     _CCP2CONbits	set	29
   209  0017                     _CCP1CONbits	set	23
   210  0009                     _PORTE	set	9
   211  0008                     _PORTD	set	8
   212  0007                     _PORTC	set	7
   213  0005                     _PORTA	set	5
   214  0006                     _PORTB	set	6
   215  000F                     _TMR1H	set	15
   216  000E                     _TMR1L	set	14
   217  0008                     _PORTDbits	set	8
   218  0001                     _TMR0	set	1
   219  000B                     _INTCONbits	set	11
   220  000C                     _PIR1bits	set	12
   221  001B                     _CCPR2L	set	27
   222  001F                     _ADCON0bits	set	31
   223  001E                     _ADRESH	set	30
   224  0015                     _CCPR1L	set	21
   225  0066                     _ADIF	set	102
   226  008C                     _PIE1bits	set	140
   227  0081                     _OPTION_REGbits	set	129
   228  0092                     _PR2	set	146
   229  0087                     _TRISCbits	set	135
   230  009F                     _ADCON1bits	set	159
   231  0089                     _TRISE	set	137
   232  0088                     _TRISD	set	136
   233  0087                     _TRISC	set	135
   234  0086                     _TRISB	set	134
   235  0085                     _TRISA	set	133
   236  008F                     _OSCCONbits	set	143
   237  0188                     _ANSEL	set	392
   238  0189                     _ANSELH	set	393
   239                           
   240                           	psect	cinit
   241  0011                     start_initialization:	
   242                           ; #config settings
   243                           
   244  0011                     __initialization:
   245                           
   246                           ; Clear objects allocated to COMMON
   247  0011  01F9               	clrf	__pbssCOMMON& (0+127)
   248  0012  01FA               	clrf	(__pbssCOMMON+1)& (0+127)
   249  0013  01FB               	clrf	(__pbssCOMMON+2)& (0+127)
   250  0014  01FC               	clrf	(__pbssCOMMON+3)& (0+127)
   251  0015  01FD               	clrf	(__pbssCOMMON+4)& (0+127)
   252                           
   253                           ; Clear objects allocated to BANK0
   254  0016  1283               	bcf	3,5	;RP0=0, select bank0
   255  0017  1303               	bcf	3,6	;RP1=0, select bank0
   256  0018  01A0               	clrf	__pbssBANK0& (0+127)
   257  0019                     end_of_initialization:	
   258                           ;End of C runtime variable initialization code
   259                           
   260  0019                     __end_of__initialization:
   261  0019  0183               	clrf	3
   262  001A  120A  118A  2989   	ljmp	_main	;jump to C main() function
   263                           
   264                           	psect	bssCOMMON
   265  0079                     __pbssCOMMON:
   266  0079                     _habcont0:
   267  0079                     	ds	1
   268  007A                     _contpot1:
   269  007A                     	ds	1
   270  007B                     _contpot0:
   271  007B                     	ds	1
   272  007C                     _potbang1:
   273  007C                     	ds	1
   274  007D                     _potbang0:
   275  007D                     	ds	1
   276                           
   277                           	psect	bssBANK0
   278  0020                     __pbssBANK0:
   279  0020                     _habcont1:
   280  0020                     	ds	1
   281                           
   282                           	psect	cstackCOMMON
   283  0070                     __pcstackCOMMON:
   284  0070                     ?_numresets:
   285  0070                     ??_numresets:	
   286                           ; 1 bytes @ 0x0
   287                           
   288  0070                     ?_isr:	
   289                           ; 1 bytes @ 0x0
   290                           
   291  0070                     ?_main:	
   292                           ; 1 bytes @ 0x0
   293                           
   294                           
   295                           ; 1 bytes @ 0x0
   296  0070                     	ds	1
   297  0071                     numresets@tmr0resets:
   298                           
   299                           ; 1 bytes @ 0x1
   300  0071                     	ds	1
   301  0072                     numresets@potbang:
   302                           
   303                           ; 1 bytes @ 0x2
   304  0072                     	ds	1
   305  0073                     ??_isr:
   306                           
   307                           ; 1 bytes @ 0x3
   308  0073                     	ds	6
   309                           
   310                           	psect	cstackBANK0
   311  0021                     __pcstackBANK0:
   312  0021                     ??_main:
   313                           
   314                           ; 1 bytes @ 0x0
   315  0021                     	ds	1
   316                           
   317                           	psect	maintext
   318  0189                     __pmaintext:	
   319 ;;
   320 ;;Main: autosize = 0, tempsize = 1, incstack = 0, save=0
   321 ;;
   322 ;; *************** function _main *****************
   323 ;; Defined at:
   324 ;;		line 145 in file "Simulacion.c"
   325 ;; Parameters:    Size  Location     Type
   326 ;;		None
   327 ;; Auto vars:     Size  Location     Type
   328 ;;		None
   329 ;; Return value:  Size  Location     Type
   330 ;;                  1    wreg      void 
   331 ;; Registers used:
   332 ;;		wreg, status,2, status,0
   333 ;; Tracked objects:
   334 ;;		On entry : B00/0
   335 ;;		On exit  : 0/0
   336 ;;		Unchanged: 0/0
   337 ;; Data sizes:     COMMON   BANK0   BANK1   BANK3   BANK2
   338 ;;      Params:         0       0       0       0       0
   339 ;;      Locals:         0       0       0       0       0
   340 ;;      Temps:          0       1       0       0       0
   341 ;;      Totals:         0       1       0       0       0
   342 ;;Total ram usage:        1 bytes
   343 ;; Hardware stack levels required when called:    2
   344 ;; This function calls:
   345 ;;		Nothing
   346 ;; This function is called by:
   347 ;;		Startup code after reset
   348 ;; This function uses a non-reentrant model
   349 ;;
   350                           
   351                           
   352                           ;psect for function _main
   353  0189                     _main:
   354  0189                     l1109:	
   355                           ;incstack = 0
   356                           ; Regs used in _main: [wreg+status,2+status,0]
   357                           
   358                           
   359                           ;Simulacion.c: 148:     ADCON0bits.CHS0 = 0;
   360  0189  3070               	movlw	112
   361  018A  1683               	bsf	3,5	;RP0=1, select bank1
   362  018B  1303               	bcf	3,6	;RP1=0, select bank1
   363  018C  048F               	iorwf	15,f	;volatile
   364  018D                     l1111:
   365                           
   366                           ;Simulacion.c: 149:     ADCON1bits.VCFG1 = 0;
   367  018D  140F               	bsf	15,0	;volatile
   368  018E                     l1113:
   369                           
   370                           ;Simulacion.c: 151:     ADCON1bits.ADFM = 0;
   371  018E  30FF               	movlw	255
   372  018F  1683               	bsf	3,5	;RP0=1, select bank3
   373  0190  1703               	bsf	3,6	;RP1=1, select bank3
   374  0191  0089               	movwf	9	;volatile
   375  0192                     l1115:
   376                           
   377                           ;Simulacion.c: 152:     ADCON0bits.ADON = 1;
   378  0192  0188               	clrf	8	;volatile
   379  0193                     l1117:
   380                           
   381                           ;Simulacion.c: 154: 
   382  0193  1683               	bsf	3,5	;RP0=1, select bank1
   383  0194  1303               	bcf	3,6	;RP1=0, select bank1
   384  0195  0185               	clrf	5	;volatile
   385  0196                     l1119:
   386                           
   387                           ;Simulacion.c: 155: 
   388  0196  30FF               	movlw	255
   389  0197  0086               	movwf	6	;volatile
   390  0198                     l1121:
   391                           
   392                           ;Simulacion.c: 156:     TRISCbits.TRISC2 = 1;
   393  0198  0187               	clrf	7	;volatile
   394  0199                     l1123:
   395                           
   396                           ;Simulacion.c: 157:     PR2 = 250;
   397  0199  0188               	clrf	8	;volatile
   398  019A                     l1125:
   399                           
   400                           ;Simulacion.c: 158:     CCP1CONbits.P1M = 0;
   401  019A  0189               	clrf	9	;volatile
   402  019B                     l1127:
   403                           
   404                           ;Simulacion.c: 160:     CCPR1L = 0x0f;
   405  019B  1283               	bcf	3,5	;RP0=0, select bank0
   406  019C  1303               	bcf	3,6	;RP1=0, select bank0
   407  019D  0185               	clrf	5	;volatile
   408  019E                     l1129:
   409                           
   410                           ;Simulacion.c: 161:     CCP1CONbits.DC1B = 0;
   411  019E  0186               	clrf	6	;volatile
   412  019F                     l1131:
   413                           
   414                           ;Simulacion.c: 162: 
   415  019F  0187               	clrf	7	;volatile
   416  01A0                     l1133:
   417                           
   418                           ;Simulacion.c: 163:     TRISCbits.TRISC1 = 1;
   419  01A0  0188               	clrf	8	;volatile
   420  01A1                     l1135:
   421                           
   422                           ;Simulacion.c: 164:     CCP2CONbits.CCP2M = 0b1100;
   423  01A1  0189               	clrf	9	;volatile
   424  01A2                     l1137:
   425                           
   426                           ;Simulacion.c: 165:     CCPR2L = 0x0f;
   427  01A2  01FB               	clrf	_contpot0
   428  01A3                     l1139:
   429                           
   430                           ;Simulacion.c: 166:     CCP2CONbits.DC2B1 = 0;
   431  01A3  01FA               	clrf	_contpot1
   432  01A4                     l1141:
   433                           
   434                           ;Simulacion.c: 168:     OPTION_REGbits.T0CS = 0;
   435  01A4  01FD               	clrf	_potbang0
   436  01A5                     l1143:
   437                           
   438                           ;Simulacion.c: 169:     OPTION_REGbits.PSA = 0;
   439  01A5  01FC               	clrf	_potbang1
   440                           
   441                           ;Simulacion.c: 172:     TMR0 = 234;
   442  01A6  081F               	movf	31,w	;volatile
   443  01A7  393F               	andlw	-193
   444  01A8  3880               	iorlw	128
   445  01A9  009F               	movwf	31	;volatile
   446  01AA                     l1145:
   447                           
   448                           ;Simulacion.c: 173:     INTCONbits.T0IF = 0;
   449  01AA  111F               	bcf	31,2	;volatile
   450  01AB                     l1147:
   451                           
   452                           ;Simulacion.c: 174: 
   453  01AB  1683               	bsf	3,5	;RP0=1, select bank1
   454  01AC  1303               	bcf	3,6	;RP1=0, select bank1
   455  01AD  129F               	bcf	31,5	;volatile
   456  01AE                     l1149:
   457                           
   458                           ;Simulacion.c: 175:     TMR1L = 192;
   459  01AE  121F               	bcf	31,4	;volatile
   460  01AF                     l1151:
   461                           
   462                           ;Simulacion.c: 176:     TMR1H = 99;
   463  01AF  139F               	bcf	31,7	;volatile
   464  01B0                     l1153:
   465                           
   466                           ;Simulacion.c: 177:     T1CONbits.T1CKPS = 0;
   467  01B0  1283               	bcf	3,5	;RP0=0, select bank0
   468  01B1  1303               	bcf	3,6	;RP1=0, select bank0
   469  01B2  141F               	bsf	31,0	;volatile
   470  01B3                     l1155:
   471                           
   472                           ;Simulacion.c: 178:     T1CONbits.TMR1CS = 0;
   473  01B3  3020               	movlw	32
   474  01B4  1283               	bcf	3,5	;RP0=0, select bank0
   475  01B5  1303               	bcf	3,6	;RP1=0, select bank0
   476  01B6  00A1               	movwf	??_main
   477  01B7                     u617:
   478  01B7  0BA1               	decfsz	??_main,f
   479  01B8  29B7               	goto	u617
   480  01B9  0000               	nop
   481  01BA                     l1157:
   482                           
   483                           ;Simulacion.c: 181: 
   484  01BA  1683               	bsf	3,5	;RP0=1, select bank1
   485  01BB  1303               	bcf	3,6	;RP1=0, select bank1
   486  01BC  1507               	bsf	7,2	;volatile
   487  01BD                     l1159:
   488                           
   489                           ;Simulacion.c: 182:     PIR1bits.TMR2IF = 0;
   490  01BD  30FA               	movlw	250
   491  01BE  0092               	movwf	18	;volatile
   492                           
   493                           ;Simulacion.c: 183:     T2CONbits.T2CKPS = 0b11;
   494  01BF  303F               	movlw	-193
   495  01C0  1283               	bcf	3,5	;RP0=0, select bank0
   496  01C1  1303               	bcf	3,6	;RP1=0, select bank0
   497  01C2  0597               	andwf	23,f	;volatile
   498                           
   499                           ;Simulacion.c: 184:     T2CONbits.TMR2ON = 1;
   500  01C3  0817               	movf	23,w	;volatile
   501  01C4  39F0               	andlw	-16
   502  01C5  380C               	iorlw	12
   503  01C6  0097               	movwf	23	;volatile
   504  01C7                     l1161:
   505                           
   506                           ;Simulacion.c: 185:     while(PIR1bits.TMR2IF == 0);
   507  01C7  300F               	movlw	15
   508  01C8  0095               	movwf	21	;volatile
   509  01C9                     l1163:
   510                           
   511                           ;Simulacion.c: 186:     PIR1bits.TMR2IF = 0;
   512  01C9  30CF               	movlw	-49
   513  01CA  0597               	andwf	23,f	;volatile
   514  01CB                     l1165:
   515                           
   516                           ;Simulacion.c: 188:     TRISCbits.TRISC1 = 0;
   517  01CB  1683               	bsf	3,5	;RP0=1, select bank1
   518  01CC  1303               	bcf	3,6	;RP1=0, select bank1
   519  01CD  1487               	bsf	7,1	;volatile
   520  01CE                     l1167:
   521                           
   522                           ;Simulacion.c: 189: 
   523  01CE  1283               	bcf	3,5	;RP0=0, select bank0
   524  01CF  1303               	bcf	3,6	;RP1=0, select bank0
   525  01D0  081D               	movf	29,w	;volatile
   526  01D1  39F0               	andlw	-16
   527  01D2  380C               	iorlw	12
   528  01D3  009D               	movwf	29	;volatile
   529  01D4                     l1169:
   530                           
   531                           ;Simulacion.c: 190:     INTCONbits.T0IE = 1;
   532  01D4  300F               	movlw	15
   533  01D5  009B               	movwf	27	;volatile
   534  01D6                     l1171:
   535                           
   536                           ;Simulacion.c: 191:     PIE1bits.TMR1IE = 1;
   537  01D6  129D               	bcf	29,5	;volatile
   538  01D7                     l1173:
   539                           
   540                           ;Simulacion.c: 193:     PIE1bits.ADIE = 1;
   541  01D7  1683               	bsf	3,5	;RP0=1, select bank1
   542  01D8  1303               	bcf	3,6	;RP1=0, select bank1
   543  01D9  1281               	bcf	1,5	;volatile
   544  01DA                     l1175:
   545                           
   546                           ;Simulacion.c: 194:     INTCONbits.PEIE = 1;
   547  01DA  1181               	bcf	1,3	;volatile
   548                           
   549                           ;Simulacion.c: 195:     INTCONbits.GIE = 1;
   550  01DB  30F8               	movlw	-8
   551  01DC  0581               	andwf	1,f	;volatile
   552  01DD                     l1177:
   553                           
   554                           ;Simulacion.c: 197:     while (1){}
   555  01DD  30EA               	movlw	234
   556  01DE  1283               	bcf	3,5	;RP0=0, select bank0
   557  01DF  1303               	bcf	3,6	;RP1=0, select bank0
   558  01E0  0081               	movwf	1	;volatile
   559  01E1                     l1179:
   560                           
   561                           ;Simulacion.c: 198: }
   562  01E1  110B               	bcf	11,2	;volatile
   563  01E2                     l1181:
   564  01E2  30C0               	movlw	192
   565  01E3  008E               	movwf	14	;volatile
   566  01E4                     l1183:
   567  01E4  3063               	movlw	99
   568  01E5  008F               	movwf	15	;volatile
   569  01E6                     l1185:
   570  01E6  30CF               	movlw	-49
   571  01E7  0590               	andwf	16,f	;volatile
   572  01E8                     l1187:
   573  01E8  1090               	bcf	16,1	;volatile
   574  01E9                     l1189:
   575  01E9  1410               	bsf	16,0	;volatile
   576  01EA                     l1191:
   577  01EA  100C               	bcf	12,0	;volatile
   578  01EB                     l1193:
   579  01EB  108C               	bcf	12,1	;volatile
   580  01EC                     l1195:
   581  01EC  3003               	movlw	3
   582  01ED  0492               	iorwf	18,f	;volatile
   583  01EE                     l1197:
   584  01EE  1512               	bsf	18,2	;volatile
   585  01EF                     l129:
   586  01EF  1C8C               	btfss	12,1	;volatile
   587  01F0  29F2               	goto	u601
   588  01F1  29F3               	goto	u600
   589  01F2                     u601:
   590  01F2  29EF               	goto	l129
   591  01F3                     u600:
   592  01F3                     l131:
   593  01F3  108C               	bcf	12,1	;volatile
   594  01F4  1683               	bsf	3,5	;RP0=1, select bank1
   595  01F5  1303               	bcf	3,6	;RP1=0, select bank1
   596  01F6  1107               	bcf	7,2	;volatile
   597  01F7  1087               	bcf	7,1	;volatile
   598  01F8  168B               	bsf	11,5	;volatile
   599  01F9  140C               	bsf	12,0	;volatile
   600  01FA  1283               	bcf	3,5	;RP0=0, select bank0
   601  01FB  1303               	bcf	3,6	;RP1=0, select bank0
   602  01FC  130C               	bcf	12,6	;volatile
   603  01FD  1683               	bsf	3,5	;RP0=1, select bank1
   604  01FE  1303               	bcf	3,6	;RP1=0, select bank1
   605  01FF  170C               	bsf	12,6	;volatile
   606  0200  170B               	bsf	11,6	;volatile
   607  0201  178B               	bsf	11,7	;volatile
   608  0202  1283               	bcf	3,5	;RP0=0, select bank0
   609  0203  1303               	bcf	3,6	;RP1=0, select bank0
   610  0204  149F               	bsf	31,1	;volatile
   611  0205                     l132:
   612  0205                     l133:
   613  0205  2A05               	goto	l132
   614  0206  120A  118A  280E   	ljmp	start
   615  0209                     __end_of_main:
   616                           
   617                           	psect	text1
   618  00E0                     __ptext1:	
   619 ;; *************** function _isr *****************
   620 ;; Defined at:
   621 ;;		line 84 in file "Simulacion.c"
   622 ;; Parameters:    Size  Location     Type
   623 ;;		None
   624 ;; Auto vars:     Size  Location     Type
   625 ;;		None
   626 ;; Return value:  Size  Location     Type
   627 ;;                  1    wreg      void 
   628 ;; Registers used:
   629 ;;		wreg, fsr0l, fsr0h, status,2, status,0, pclath, cstack
   630 ;; Tracked objects:
   631 ;;		On entry : 0/0
   632 ;;		On exit  : 0/0
   633 ;;		Unchanged: 0/0
   634 ;; Data sizes:     COMMON   BANK0   BANK1   BANK3   BANK2
   635 ;;      Params:         0       0       0       0       0
   636 ;;      Locals:         0       0       0       0       0
   637 ;;      Temps:          6       0       0       0       0
   638 ;;      Totals:         6       0       0       0       0
   639 ;;Total ram usage:        6 bytes
   640 ;; Hardware stack levels used:    1
   641 ;; Hardware stack levels required when called:    1
   642 ;; This function calls:
   643 ;;		_numresets
   644 ;; This function is called by:
   645 ;;		Interrupt level 1
   646 ;; This function uses a non-reentrant model
   647 ;;
   648                           
   649                           
   650                           ;psect for function _isr
   651  00E0                     _isr:
   652  00E0                     i1l1043:
   653                           
   654                           ;Simulacion.c: 86:         PIR1bits.ADIF = 0;
   655  00E0  1283               	bcf	3,5	;RP0=0, select bank0
   656  00E1  1303               	bcf	3,6	;RP1=0, select bank0
   657  00E2  1F0C               	btfss	12,6	;volatile
   658  00E3  28E5               	goto	u53_21
   659  00E4  28E6               	goto	u53_20
   660  00E5                     u53_21:
   661  00E5  2944               	goto	i1l1069
   662  00E6                     u53_20:
   663  00E6  2923               	goto	i1l1061
   664  00E7                     i1l1047:
   665                           
   666                           ;Simulacion.c: 90:         TMR0 = 234;
   667  00E7  081E               	movf	30,w	;volatile
   668  00E8  00F3               	movwf	??_isr
   669  00E9  1003               	clrc
   670  00EA  0C73               	rrf	??_isr,w
   671  00EB  3E7C               	addlw	124
   672  00EC  0095               	movwf	21	;volatile
   673                           
   674                           ;Simulacion.c: 91:         if (contpot0 == potbang0){
   675  00ED  081F               	movf	31,w	;volatile
   676  00EE  39C3               	andlw	-61
   677  00EF  3828               	iorlw	40
   678  00F0  009F               	movwf	31	;volatile
   679                           
   680                           ;Simulacion.c: 92:             PORTDbits.RD0 = 0;
   681  00F1  293C               	goto	i1l1063
   682  00F2                     i1l1049:
   683                           
   684                           ;Simulacion.c: 95:         if (contpot1 == potbang1){
   685  00F2  081E               	movf	30,w	;volatile
   686  00F3  00F3               	movwf	??_isr
   687  00F4  1003               	clrc
   688  00F5  0C73               	rrf	??_isr,w
   689  00F6  3E7C               	addlw	124
   690  00F7  009B               	movwf	27	;volatile
   691                           
   692                           ;Simulacion.c: 96:             PORTDbits.RD1 = 0;
   693  00F8  081F               	movf	31,w	;volatile
   694  00F9  39C3               	andlw	-61
   695  00FA  3820               	iorlw	32
   696  00FB  009F               	movwf	31	;volatile
   697                           
   698                           ;Simulacion.c: 97:             habcont1 = 0;
   699  00FC  293C               	goto	i1l1063
   700  00FD                     i1l1051:
   701                           
   702                           ;Simulacion.c: 100:         if (habcont0 == 1){
   703  00FD  081E               	movf	30,w	;volatile
   704  00FE  00F3               	movwf	??_isr
   705  00FF  1003               	clrc
   706  0100  0C73               	rrf	??_isr,w
   707  0101  120A  118A  201D  120A  118A  	fcall	_numresets
   708  0106  00F4               	movwf	??_isr+1
   709  0107  0874               	movf	??_isr+1,w
   710  0108  00FD               	movwf	_potbang0
   711  0109                     i1l1053:
   712                           
   713                           ;Simulacion.c: 101:             contpot0++;}
   714  0109  1283               	bcf	3,5	;RP0=0, select bank0
   715  010A  1303               	bcf	3,6	;RP1=0, select bank0
   716  010B  081F               	movf	31,w	;volatile
   717  010C  39C3               	andlw	-61
   718  010D  3824               	iorlw	36
   719  010E  009F               	movwf	31	;volatile
   720                           
   721                           ;Simulacion.c: 102: 
   722  010F  293C               	goto	i1l1063
   723  0110                     i1l1055:
   724                           
   725                           ;Simulacion.c: 105: 
   726  0110  081E               	movf	30,w	;volatile
   727  0111  00F3               	movwf	??_isr
   728  0112  1003               	clrc
   729  0113  0C73               	rrf	??_isr,w
   730  0114  120A  118A  201D  120A  118A  	fcall	_numresets
   731  0119  00F4               	movwf	??_isr+1
   732  011A  0874               	movf	??_isr+1,w
   733  011B  00FC               	movwf	_potbang1
   734  011C                     i1l1057:
   735                           
   736                           ;Simulacion.c: 106:         INTCONbits.T0IF = 0;
   737  011C  1283               	bcf	3,5	;RP0=0, select bank0
   738  011D  1303               	bcf	3,6	;RP1=0, select bank0
   739  011E  081F               	movf	31,w	;volatile
   740  011F  39C3               	andlw	-61
   741  0120  3830               	iorlw	48
   742  0121  009F               	movwf	31	;volatile
   743                           
   744                           ;Simulacion.c: 107:     }
   745  0122  293C               	goto	i1l1063
   746  0123                     i1l1061:
   747  0123  0C1F               	rrf	31,w	;volatile
   748  0124  00F3               	movwf	??_isr
   749  0125  0C73               	rrf	??_isr,w
   750  0126  390F               	andlw	15
   751  0127  00F4               	movwf	??_isr+1
   752  0128  01F5               	clrf	??_isr+2
   753                           
   754                           ; Switch on 2 bytes has been partitioned into a top level switch of size 1, and 1 sub-sw
      +                          itches
   755                           ; Switch size 1, requested type "simple"
   756                           ; Number of cases is 1, Range of values is 0 to 0
   757                           ; switch strategies available:
   758                           ; Name         Instructions Cycles
   759                           ; simple_byte            4     3 (average)
   760                           ; direct_byte           11     8 (fixed)
   761                           ; jumptable            260     6 (fixed)
   762                           ;	Chosen strategy is simple_byte
   763  0129  0875               	movf	??_isr+2,w
   764  012A  3A00               	xorlw	0	; case 0
   765  012B  1903               	skipnz
   766  012C  292E               	goto	i1l1219
   767  012D  293C               	goto	i1l1063
   768  012E                     i1l1219:
   769                           
   770                           ; Switch size 1, requested type "simple"
   771                           ; Number of cases is 4, Range of values is 8 to 12
   772                           ; switch strategies available:
   773                           ; Name         Instructions Cycles
   774                           ; simple_byte           13     7 (average)
   775                           ; direct_byte           26    11 (fixed)
   776                           ; jumptable            263     9 (fixed)
   777                           ;	Chosen strategy is simple_byte
   778  012E  0874               	movf	??_isr+1,w
   779  012F  3A08               	xorlw	8	; case 8
   780  0130  1903               	skipnz
   781  0131  28FD               	goto	i1l1051
   782  0132  3A01               	xorlw	1	; case 9
   783  0133  1903               	skipnz
   784  0134  2910               	goto	i1l1055
   785  0135  3A03               	xorlw	3	; case 10
   786  0136  1903               	skipnz
   787  0137  28F2               	goto	i1l1049
   788  0138  3A06               	xorlw	6	; case 12
   789  0139  1903               	skipnz
   790  013A  28E7               	goto	i1l1047
   791  013B  293C               	goto	i1l1063
   792  013C                     i1l1063:
   793                           
   794                           ;Simulacion.c: 110:         TMR1H = 99;
   795  013C  3021               	movlw	33
   796  013D  00F3               	movwf	??_isr
   797  013E                     u62_27:
   798  013E  0BF3               	decfsz	??_isr,f
   799  013F  293E               	goto	u62_27
   800  0140                     i1l1065:
   801                           
   802                           ;Simulacion.c: 111:         PORTB = potbang0;
   803  0140  1283               	bcf	3,5	;RP0=0, select bank0
   804  0141  1303               	bcf	3,6	;RP1=0, select bank0
   805  0142  130C               	bcf	12,6	;volatile
   806  0143                     i1l1067:
   807                           
   808                           ;Simulacion.c: 112:         habcont0 = 1;
   809  0143  149F               	bsf	31,1	;volatile
   810  0144                     i1l1069:
   811                           
   812                           ;Simulacion.c: 114: 
   813  0144  1D0B               	btfss	11,2	;volatile
   814  0145  2947               	goto	u54_21
   815  0146  2948               	goto	u54_20
   816  0147                     u54_21:
   817  0147  296F               	goto	i1l1091
   818  0148                     u54_20:
   819  0148                     i1l1071:
   820                           
   821                           ;Simulacion.c: 115:         PORTDbits.RD0 = 1;
   822  0148  30EA               	movlw	234
   823  0149  0081               	movwf	1	;volatile
   824                           
   825                           ;Simulacion.c: 116:         PORTDbits.RD1 = 1;
   826  014A  087B               	movf	_contpot0,w
   827  014B  067D               	xorwf	_potbang0,w
   828  014C  1D03               	skipz
   829  014D  294F               	goto	u55_21
   830  014E  2950               	goto	u55_20
   831  014F                     u55_21:
   832  014F  2953               	goto	i1l1077
   833  0150                     u55_20:
   834  0150                     i1l1073:
   835                           
   836                           ;Simulacion.c: 117: 
   837  0150  1008               	bcf	8,0	;volatile
   838  0151                     i1l1075:
   839                           
   840                           ;Simulacion.c: 118:         PIR1bits.TMR1IF = 0;}}
   841  0151  01F9               	clrf	_habcont0
   842                           
   843                           ;Simulacion.c: 119: 
   844  0152  01FB               	clrf	_contpot0
   845  0153                     i1l1077:
   846                           
   847                           ;Simulacion.c: 120: void main(void) {
   848  0153  087A               	movf	_contpot1,w
   849  0154  067C               	xorwf	_potbang1,w
   850  0155  1D03               	skipz
   851  0156  2958               	goto	u56_21
   852  0157  2959               	goto	u56_20
   853  0158                     u56_21:
   854  0158  295C               	goto	i1l1083
   855  0159                     u56_20:
   856  0159                     i1l1079:
   857                           
   858                           ;Simulacion.c: 121: 
   859  0159  1088               	bcf	8,1	;volatile
   860  015A                     i1l1081:
   861                           
   862                           ;Simulacion.c: 122: 
   863  015A  01A0               	clrf	_habcont1
   864                           
   865                           ;Simulacion.c: 123:     OSCCONbits.IRCF = 0b0111;
   866  015B  01FA               	clrf	_contpot1
   867  015C                     i1l1083:
   868                           
   869                           ;Simulacion.c: 125: 
   870  015C  0379               	decf	_habcont0,w
   871  015D  1D03               	btfss	3,2
   872  015E  2960               	goto	u57_21
   873  015F  2961               	goto	u57_20
   874  0160                     u57_21:
   875  0160  2965               	goto	i1l121
   876  0161                     u57_20:
   877  0161                     i1l1085:
   878                           
   879                           ;Simulacion.c: 126:     ANSELH = 0b11111111;
   880  0161  3001               	movlw	1
   881  0162  00F3               	movwf	??_isr
   882  0163  0873               	movf	??_isr,w
   883  0164  07FB               	addwf	_contpot0,f
   884  0165                     i1l121:
   885                           
   886                           ;Simulacion.c: 128: 
   887  0165  0320               	decf	_habcont1,w
   888  0166  1D03               	btfss	3,2
   889  0167  2969               	goto	u58_21
   890  0168  296A               	goto	u58_20
   891  0169                     u58_21:
   892  0169  296E               	goto	i1l1089
   893  016A                     u58_20:
   894  016A                     i1l1087:
   895                           
   896                           ;Simulacion.c: 129:     TRISA = 0;
   897  016A  3001               	movlw	1
   898  016B  00F3               	movwf	??_isr
   899  016C  0873               	movf	??_isr,w
   900  016D  07FA               	addwf	_contpot1,f
   901  016E                     i1l1089:
   902                           
   903                           ;Simulacion.c: 131:     TRISC = 0;
   904  016E  110B               	bcf	11,2	;volatile
   905  016F                     i1l1091:
   906                           
   907                           ;Simulacion.c: 133:     TRISE = 0;
   908  016F  1C0C               	btfss	12,0	;volatile
   909  0170  2972               	goto	u59_21
   910  0171  2973               	goto	u59_20
   911  0172                     u59_21:
   912  0172  2980               	goto	i1l124
   913  0173                     u59_20:
   914  0173                     i1l1093:
   915                           
   916                           ;Simulacion.c: 134: 
   917  0173  30C0               	movlw	192
   918  0174  008E               	movwf	14	;volatile
   919                           
   920                           ;Simulacion.c: 135:     PORTA = 0;
   921  0175  3063               	movlw	99
   922  0176  008F               	movwf	15	;volatile
   923                           
   924                           ;Simulacion.c: 136:     PORTB = 0;
   925  0177  087D               	movf	_potbang0,w
   926  0178  0086               	movwf	6	;volatile
   927  0179                     i1l1095:
   928                           
   929                           ;Simulacion.c: 137:     PORTC = 0;
   930  0179  01F9               	clrf	_habcont0
   931  017A  0AF9               	incf	_habcont0,f
   932  017B                     i1l1097:
   933                           
   934                           ;Simulacion.c: 138:     PORTD = 0;
   935  017B  01A0               	clrf	_habcont1
   936  017C  0AA0               	incf	_habcont1,f
   937  017D                     i1l1099:
   938                           
   939                           ;Simulacion.c: 140:     contpot0 = 0;
   940  017D  1408               	bsf	8,0	;volatile
   941  017E                     i1l1101:
   942                           
   943                           ;Simulacion.c: 141:     contpot1 = 0;
   944  017E  1488               	bsf	8,1	;volatile
   945  017F                     i1l1103:
   946                           
   947                           ;Simulacion.c: 143:     potbang0 = 0;
   948  017F  100C               	bcf	12,0	;volatile
   949  0180                     i1l124:
   950  0180  0878               	movf	??_isr+5,w
   951  0181  008A               	movwf	10
   952  0182  0877               	movf	??_isr+4,w
   953  0183  0084               	movwf	4
   954  0184  0E76               	swapf	??_isr+3,w
   955  0185  0083               	movwf	3
   956  0186  0EFE               	swapf	btemp,f
   957  0187  0E7E               	swapf	btemp,w
   958  0188  0009               	retfie
   959  0189                     __end_of_isr:
   960                           
   961                           	psect	intentry
   962  0004                     __pintentry:	
   963                           ;incstack = 0
   964                           ; Regs used in _isr: [wreg-fsr0h+status,2+status,0+pclath+cstack]
   965                           
   966  0004                     interrupt_function:
   967  007E                     saved_w	set	btemp
   968  0004  00FE               	movwf	btemp
   969  0005  0E03               	swapf	3,w
   970  0006  00F6               	movwf	??_isr+3
   971  0007  0804               	movf	4,w
   972  0008  00F7               	movwf	??_isr+4
   973  0009  080A               	movf	10,w
   974  000A  00F8               	movwf	??_isr+5
   975  000B  120A  118A  28E0   	ljmp	_isr
   976                           
   977                           	psect	text2
   978  001D                     __ptext2:	
   979 ;; *************** function _numresets *****************
   980 ;; Defined at:
   981 ;;		line 31 in file "Simulacion.c"
   982 ;; Parameters:    Size  Location     Type
   983 ;;  potbang         1    wreg     unsigned char 
   984 ;; Auto vars:     Size  Location     Type
   985 ;;  potbang         1    2[COMMON] unsigned char 
   986 ;;  tmr0resets      1    1[COMMON] unsigned char 
   987 ;; Return value:  Size  Location     Type
   988 ;;                  1    wreg      unsigned char 
   989 ;; Registers used:
   990 ;;		wreg
   991 ;; Tracked objects:
   992 ;;		On entry : 0/0
   993 ;;		On exit  : 0/0
   994 ;;		Unchanged: 0/0
   995 ;; Data sizes:     COMMON   BANK0   BANK1   BANK3   BANK2
   996 ;;      Params:         0       0       0       0       0
   997 ;;      Locals:         2       0       0       0       0
   998 ;;      Temps:          1       0       0       0       0
   999 ;;      Totals:         3       0       0       0       0
  1000 ;;Total ram usage:        3 bytes
  1001 ;; Hardware stack levels used:    1
  1002 ;; This function calls:
  1003 ;;		Nothing
  1004 ;; This function is called by:
  1005 ;;		_isr
  1006 ;; This function uses a non-reentrant model
  1007 ;;
  1008                           
  1009                           
  1010                           ;psect for function _numresets
  1011  001D                     _numresets:
  1012                           
  1013                           ;incstack = 0
  1014                           ; Regs used in _numresets: [wreg]
  1015                           ;numresets@potbang stored from wreg
  1016  001D  00F2               	movwf	numresets@potbang
  1017  001E                     i1l973:
  1018                           
  1019                           ;Simulacion.c: 32:     else if (potbang > 130 && potbang < 152);Simulacion.c: 33:     {
  1020  001E  3013               	movlw	19
  1021  001F  0272               	subwf	numresets@potbang,w
  1022  0020  1803               	skipnc
  1023  0021  2823               	goto	u31_21
  1024  0022  2824               	goto	u31_20
  1025  0023                     u31_21:
  1026  0023  2829               	goto	i1l977
  1027  0024                     u31_20:
  1028  0024                     i1l975:
  1029                           
  1030                           ;Simulacion.c: 34:         tmr0resets = 9;;Simulacion.c: 35:     }
  1031  0024  3002               	movlw	2
  1032  0025  00F0               	movwf	??_numresets
  1033  0026  0870               	movf	??_numresets,w
  1034  0027  00F1               	movwf	numresets@tmr0resets
  1035                           
  1036                           ;Simulacion.c: 36:     else if (potbang > 151 && potbang < 173)
  1037  0028  28DE               	goto	i1l84
  1038  0029                     i1l977:
  1039  0029  3013               	movlw	19
  1040  002A  0272               	subwf	numresets@potbang,w
  1041  002B  1C03               	skipc
  1042  002C  282E               	goto	u32_21
  1043  002D  282F               	goto	u32_20
  1044  002E                     u32_21:
  1045  002E  283A               	goto	i1l983
  1046  002F                     u32_20:
  1047  002F                     i1l979:
  1048  002F  3028               	movlw	40
  1049  0030  0272               	subwf	numresets@potbang,w
  1050  0031  1803               	skipnc
  1051  0032  2834               	goto	u33_21
  1052  0033  2835               	goto	u33_20
  1053  0034                     u33_21:
  1054  0034  283A               	goto	i1l983
  1055  0035                     u33_20:
  1056  0035                     i1l981:
  1057                           
  1058                           ;Simulacion.c: 38:         tmr0resets = 10;;Simulacion.c: 39:     }
  1059  0035  3003               	movlw	3
  1060  0036  00F0               	movwf	??_numresets
  1061  0037  0870               	movf	??_numresets,w
  1062  0038  00F1               	movwf	numresets@tmr0resets
  1063                           
  1064                           ;Simulacion.c: 40:     else if (potbang > 172 && potbang < 194)
  1065  0039  28DE               	goto	i1l84
  1066  003A                     i1l983:
  1067  003A  3028               	movlw	40
  1068  003B  0272               	subwf	numresets@potbang,w
  1069  003C  1C03               	skipc
  1070  003D  283F               	goto	u34_21
  1071  003E  2840               	goto	u34_20
  1072  003F                     u34_21:
  1073  003F  284B               	goto	i1l989
  1074  0040                     u34_20:
  1075  0040                     i1l985:
  1076  0040  303D               	movlw	61
  1077  0041  0272               	subwf	numresets@potbang,w
  1078  0042  1803               	skipnc
  1079  0043  2845               	goto	u35_21
  1080  0044  2846               	goto	u35_20
  1081  0045                     u35_21:
  1082  0045  284B               	goto	i1l989
  1083  0046                     u35_20:
  1084  0046                     i1l987:
  1085                           
  1086                           ;Simulacion.c: 42:         tmr0resets = 11;;Simulacion.c: 43:     }
  1087  0046  3005               	movlw	5
  1088  0047  00F0               	movwf	??_numresets
  1089  0048  0870               	movf	??_numresets,w
  1090  0049  00F1               	movwf	numresets@tmr0resets
  1091                           
  1092                           ;Simulacion.c: 44:     else if ( potbang > 193 && potbang < 215)
  1093  004A  28DE               	goto	i1l84
  1094  004B                     i1l989:
  1095  004B  303D               	movlw	61
  1096  004C  0272               	subwf	numresets@potbang,w
  1097  004D  1C03               	skipc
  1098  004E  2850               	goto	u36_21
  1099  004F  2851               	goto	u36_20
  1100  0050                     u36_21:
  1101  0050  285C               	goto	i1l995
  1102  0051                     u36_20:
  1103  0051                     i1l991:
  1104  0051  3052               	movlw	82
  1105  0052  0272               	subwf	numresets@potbang,w
  1106  0053  1803               	skipnc
  1107  0054  2856               	goto	u37_21
  1108  0055  2857               	goto	u37_20
  1109  0056                     u37_21:
  1110  0056  285C               	goto	i1l995
  1111  0057                     u37_20:
  1112  0057                     i1l993:
  1113                           
  1114                           ;Simulacion.c: 46:         tmr0resets = 12;;Simulacion.c: 47:     }
  1115  0057  3006               	movlw	6
  1116  0058  00F0               	movwf	??_numresets
  1117  0059  0870               	movf	??_numresets,w
  1118  005A  00F1               	movwf	numresets@tmr0resets
  1119                           
  1120                           ;Simulacion.c: 48:     else if (potbang > 214 && potbang < 236)
  1121  005B  28DE               	goto	i1l84
  1122  005C                     i1l995:
  1123  005C  3052               	movlw	82
  1124  005D  0272               	subwf	numresets@potbang,w
  1125  005E  1C03               	skipc
  1126  005F  2861               	goto	u38_21
  1127  0060  2862               	goto	u38_20
  1128  0061                     u38_21:
  1129  0061  286D               	goto	i1l1001
  1130  0062                     u38_20:
  1131  0062                     i1l997:
  1132  0062  3067               	movlw	103
  1133  0063  0272               	subwf	numresets@potbang,w
  1134  0064  1803               	skipnc
  1135  0065  2867               	goto	u39_21
  1136  0066  2868               	goto	u39_20
  1137  0067                     u39_21:
  1138  0067  286D               	goto	i1l1001
  1139  0068                     u39_20:
  1140  0068                     i1l999:
  1141                           
  1142                           ;Simulacion.c: 50:         tmr0resets = 14;;Simulacion.c: 51:     }
  1143  0068  3007               	movlw	7
  1144  0069  00F0               	movwf	??_numresets
  1145  006A  0870               	movf	??_numresets,w
  1146  006B  00F1               	movwf	numresets@tmr0resets
  1147                           
  1148                           ;Simulacion.c: 52:     else if (potbang > 236)
  1149  006C  28DE               	goto	i1l84
  1150  006D                     i1l1001:
  1151  006D  3067               	movlw	103
  1152  006E  0272               	subwf	numresets@potbang,w
  1153  006F  1C03               	skipc
  1154  0070  2872               	goto	u40_21
  1155  0071  2873               	goto	u40_20
  1156  0072                     u40_21:
  1157  0072  287E               	goto	i1l1007
  1158  0073                     u40_20:
  1159  0073                     i1l1003:
  1160  0073  3083               	movlw	131
  1161  0074  0272               	subwf	numresets@potbang,w
  1162  0075  1803               	skipnc
  1163  0076  2878               	goto	u41_21
  1164  0077  2879               	goto	u41_20
  1165  0078                     u41_21:
  1166  0078  287E               	goto	i1l1007
  1167  0079                     u41_20:
  1168  0079                     i1l1005:
  1169                           
  1170                           ;Simulacion.c: 54:         tmr0resets = 15;;Simulacion.c: 55:     }
  1171  0079  3008               	movlw	8
  1172  007A  00F0               	movwf	??_numresets
  1173  007B  0870               	movf	??_numresets,w
  1174  007C  00F1               	movwf	numresets@tmr0resets
  1175                           
  1176                           ;Simulacion.c: 56:     return tmr0resets;
  1177  007D  28DE               	goto	i1l84
  1178  007E                     i1l1007:
  1179  007E  3083               	movlw	131
  1180  007F  0272               	subwf	numresets@potbang,w
  1181  0080  1C03               	skipc
  1182  0081  2883               	goto	u42_21
  1183  0082  2884               	goto	u42_20
  1184  0083                     u42_21:
  1185  0083  288F               	goto	i1l1013
  1186  0084                     u42_20:
  1187  0084                     i1l1009:
  1188  0084  3098               	movlw	152
  1189  0085  0272               	subwf	numresets@potbang,w
  1190  0086  1803               	skipnc
  1191  0087  2889               	goto	u43_21
  1192  0088  288A               	goto	u43_20
  1193  0089                     u43_21:
  1194  0089  288F               	goto	i1l1013
  1195  008A                     u43_20:
  1196  008A                     i1l1011:
  1197                           
  1198                           ;Simulacion.c: 58: ;Simulacion.c: 59: void __attribute__((picinterrupt(("")))) isr(void)
      +                          {
  1199  008A  3009               	movlw	9
  1200  008B  00F0               	movwf	??_numresets
  1201  008C  0870               	movf	??_numresets,w
  1202  008D  00F1               	movwf	numresets@tmr0resets
  1203                           
  1204                           ;Simulacion.c: 60: 
  1205  008E  28DE               	goto	i1l84
  1206  008F                     i1l1013:
  1207  008F  3098               	movlw	152
  1208  0090  0272               	subwf	numresets@potbang,w
  1209  0091  1C03               	skipc
  1210  0092  2894               	goto	u44_21
  1211  0093  2895               	goto	u44_20
  1212  0094                     u44_21:
  1213  0094  28A0               	goto	i1l1019
  1214  0095                     u44_20:
  1215  0095                     i1l1015:
  1216  0095  30AD               	movlw	173
  1217  0096  0272               	subwf	numresets@potbang,w
  1218  0097  1803               	skipnc
  1219  0098  289A               	goto	u45_21
  1220  0099  289B               	goto	u45_20
  1221  009A                     u45_21:
  1222  009A  28A0               	goto	i1l1019
  1223  009B                     u45_20:
  1224  009B                     i1l1017:
  1225                           
  1226                           ;Simulacion.c: 62: ;Simulacion.c: 63:         switch (ADCON0bits.CHS){
  1227  009B  300A               	movlw	10
  1228  009C  00F0               	movwf	??_numresets
  1229  009D  0870               	movf	??_numresets,w
  1230  009E  00F1               	movwf	numresets@tmr0resets
  1231                           
  1232                           ;Simulacion.c: 64:             case 12:
  1233  009F  28DE               	goto	i1l84
  1234  00A0                     i1l1019:
  1235  00A0  30AD               	movlw	173
  1236  00A1  0272               	subwf	numresets@potbang,w
  1237  00A2  1C03               	skipc
  1238  00A3  28A5               	goto	u46_21
  1239  00A4  28A6               	goto	u46_20
  1240  00A5                     u46_21:
  1241  00A5  28B1               	goto	i1l1025
  1242  00A6                     u46_20:
  1243  00A6                     i1l1021:
  1244  00A6  30C2               	movlw	194
  1245  00A7  0272               	subwf	numresets@potbang,w
  1246  00A8  1803               	skipnc
  1247  00A9  28AB               	goto	u47_21
  1248  00AA  28AC               	goto	u47_20
  1249  00AB                     u47_21:
  1250  00AB  28B1               	goto	i1l1025
  1251  00AC                     u47_20:
  1252  00AC                     i1l1023:
  1253                           
  1254                           ;Simulacion.c: 66:                 ADCON0bits.CHS = 10;;Simulacion.c: 67:               
      +                            break;
  1255  00AC  300B               	movlw	11
  1256  00AD  00F0               	movwf	??_numresets
  1257  00AE  0870               	movf	??_numresets,w
  1258  00AF  00F1               	movwf	numresets@tmr0resets
  1259                           
  1260                           ;Simulacion.c: 68: 
  1261  00B0  28DE               	goto	i1l84
  1262  00B1                     i1l1025:
  1263  00B1  30C2               	movlw	194
  1264  00B2  0272               	subwf	numresets@potbang,w
  1265  00B3  1C03               	skipc
  1266  00B4  28B6               	goto	u48_21
  1267  00B5  28B7               	goto	u48_20
  1268  00B6                     u48_21:
  1269  00B6  28C2               	goto	i1l1031
  1270  00B7                     u48_20:
  1271  00B7                     i1l1027:
  1272  00B7  30D7               	movlw	215
  1273  00B8  0272               	subwf	numresets@potbang,w
  1274  00B9  1803               	skipnc
  1275  00BA  28BC               	goto	u49_21
  1276  00BB  28BD               	goto	u49_20
  1277  00BC                     u49_21:
  1278  00BC  28C2               	goto	i1l1031
  1279  00BD                     u49_20:
  1280  00BD                     i1l1029:
  1281                           
  1282                           ;Simulacion.c: 70:                 CCPR2L = (ADRESH>>1)+124;;Simulacion.c: 71:          
      +                                 ADCON0bits.CHS = 8;
  1283  00BD  300C               	movlw	12
  1284  00BE  00F0               	movwf	??_numresets
  1285  00BF  0870               	movf	??_numresets,w
  1286  00C0  00F1               	movwf	numresets@tmr0resets
  1287                           
  1288                           ;Simulacion.c: 72:                 break;
  1289  00C1  28DE               	goto	i1l84
  1290  00C2                     i1l1031:
  1291  00C2  30D7               	movlw	215
  1292  00C3  0272               	subwf	numresets@potbang,w
  1293  00C4  1C03               	skipc
  1294  00C5  28C7               	goto	u50_21
  1295  00C6  28C8               	goto	u50_20
  1296  00C7                     u50_21:
  1297  00C7  28D3               	goto	i1l1037
  1298  00C8                     u50_20:
  1299  00C8                     i1l1033:
  1300  00C8  30EC               	movlw	236
  1301  00C9  0272               	subwf	numresets@potbang,w
  1302  00CA  1803               	skipnc
  1303  00CB  28CD               	goto	u51_21
  1304  00CC  28CE               	goto	u51_20
  1305  00CD                     u51_21:
  1306  00CD  28D3               	goto	i1l1037
  1307  00CE                     u51_20:
  1308  00CE                     i1l1035:
  1309                           
  1310                           ;Simulacion.c: 74:             case 8:;Simulacion.c: 75:                 potbang0 = numr
      +                          esets(ADRESH>>1);
  1311  00CE  300E               	movlw	14
  1312  00CF  00F0               	movwf	??_numresets
  1313  00D0  0870               	movf	??_numresets,w
  1314  00D1  00F1               	movwf	numresets@tmr0resets
  1315                           
  1316                           ;Simulacion.c: 76:                 ADCON0bits.CHS = 9;
  1317  00D2  28DE               	goto	i1l84
  1318  00D3                     i1l1037:
  1319  00D3  30ED               	movlw	237
  1320  00D4  0272               	subwf	numresets@potbang,w
  1321  00D5  1C03               	skipc
  1322  00D6  28D8               	goto	u52_21
  1323  00D7  28D9               	goto	u52_20
  1324  00D8                     u52_21:
  1325  00D8  28DE               	goto	i1l100
  1326  00D9                     u52_20:
  1327  00D9                     i1l1039:
  1328                           
  1329                           ;Simulacion.c: 78: ;Simulacion.c: 79:             case 9:
  1330  00D9  300F               	movlw	15
  1331  00DA  00F0               	movwf	??_numresets
  1332  00DB  0870               	movf	??_numresets,w
  1333  00DC  00F1               	movwf	numresets@tmr0resets
  1334  00DD  28DE               	goto	i1l84
  1335  00DE                     i1l100:
  1336  00DE                     i1l84:
  1337                           
  1338                           ;Simulacion.c: 81:                 ADCON0bits.CHS = 12;
  1339  00DE  0871               	movf	numresets@tmr0resets,w
  1340  00DF                     i1l106:
  1341  00DF  0008               	return
  1342  00E0                     __end_of_numresets:
  1343  007E                     btemp	set	126	;btemp
  1344  007E                     wtemp0	set	126
  1345                           
  1346                           	psect	config
  1347                           
  1348                           ;Config register CONFIG1 @ 0x2007
  1349                           ;	Oscillator Selection bits
  1350                           ;	FOSC = INTRC_NOCLKOUT, INTOSCIO oscillator: I/O function on RA6/OSC2/CLKOUT pin, I/O f
      +                          unction on RA7/OSC1/CLKIN
  1351                           ;	Watchdog Timer Enable bit
  1352                           ;	WDTE = OFF, WDT disabled and can be enabled by SWDTEN bit of the WDTCON register
  1353                           ;	Power-up Timer Enable bit
  1354                           ;	PWRTE = OFF, PWRT disabled
  1355                           ;	RE3/MCLR pin function select bit
  1356                           ;	MCLRE = OFF, RE3/MCLR pin function is digital input, MCLR internally tied to VDD
  1357                           ;	Code Protection bit
  1358                           ;	CP = OFF, Program memory code protection is disabled
  1359                           ;	Data Code Protection bit
  1360                           ;	CPD = OFF, Data memory code protection is disabled
  1361                           ;	Brown Out Reset Selection bits
  1362                           ;	BOREN = OFF, BOR disabled
  1363                           ;	Internal External Switchover bit
  1364                           ;	IESO = OFF, Internal/External Switchover mode is disabled
  1365                           ;	Fail-Safe Clock Monitor Enabled bit
  1366                           ;	FCMEN = OFF, Fail-Safe Clock Monitor is disabled
  1367                           ;	Low Voltage Programming Enable bit
  1368                           ;	LVP = OFF, RB3 pin has digital I/O, HV on MCLR must be used for programming
  1369                           ;	In-Circuit Debugger Mode bit
  1370                           ;	DEBUG = 0x1, unprogrammed default
  1371  2007                     	org	8199
  1372  2007  20D4               	dw	8404
  1373                           
  1374                           ;Config register CONFIG2 @ 0x2008
  1375                           ;	Brown-out Reset Selection bit
  1376                           ;	BOR4V = BOR40V, Brown-out Reset set to 4.0V
  1377                           ;	Flash Program Memory Self Write Enable bits
  1378                           ;	WRT = OFF, Write protection off
  1379  2008                     	org	8200
  1380  2008  3FFF               	dw	16383

Data Sizes:
    Strings     0
    Constant    0
    Data        0
    BSS         6
    Persistent  0
    Stack       0

Auto Spaces:
    Space          Size  Autos    Used
    COMMON           14      9      14
    BANK0            80      1       2
    BANK1            80      0       0
    BANK3            96      0       0
    BANK2            96      0       0

Pointer List with Targets:

    None.

Critical Paths under _main in COMMON

    None.

Critical Paths under _isr in COMMON

    _isr->_numresets

Critical Paths under _main in BANK0

    None.

Critical Paths under _isr in BANK0

    None.

Critical Paths under _main in BANK1

    None.

Critical Paths under _isr in BANK1

    None.

Critical Paths under _main in BANK3

    None.

Critical Paths under _isr in BANK3

    None.

Critical Paths under _main in BANK2

    None.

Critical Paths under _isr in BANK2

    None.

Call Graph Tables:

 ---------------------------------------------------------------------------------
 (Depth) Function   	        Calls       Base Space   Used Autos Params    Refs
 ---------------------------------------------------------------------------------
 (0) _main                                                 1     1      0       0
                                              0 BANK0      1     1      0
 ---------------------------------------------------------------------------------
 Estimated maximum stack depth 0
 ---------------------------------------------------------------------------------
 (Depth) Function   	        Calls       Base Space   Used Autos Params    Refs
 ---------------------------------------------------------------------------------
 (1) _isr                                                  6     6      0     518
                                              3 COMMON     6     6      0
                          _numresets
 ---------------------------------------------------------------------------------
 (2) _numresets                                            3     3      0     518
                                              0 COMMON     3     3      0
 ---------------------------------------------------------------------------------
 Estimated maximum stack depth 2
 ---------------------------------------------------------------------------------

 Call Graph Graphs:

 _main (ROOT)

 _isr (ROOT)
   _numresets

 Address spaces:
Name               Size   Autos  Total    Cost      Usage
BITCOMMON            E      0       0       0        0.0%
EEDATA             100      0       0       0        0.0%
NULL                 0      0       0       0        0.0%
CODE                 0      0       0       0        0.0%
COMMON               E      9       E       1      100.0%
BITSFR0              0      0       0       1        0.0%
SFR0                 0      0       0       1        0.0%
BITSFR1              0      0       0       2        0.0%
SFR1                 0      0       0       2        0.0%
STACK                0      0       0       2        0.0%
ABS                  0      0      10       3        0.0%
BITBANK0            50      0       0       4        0.0%
BITSFR3              0      0       0       4        0.0%
SFR3                 0      0       0       4        0.0%
BANK0               50      1       2       5        2.5%
BITSFR2              0      0       0       5        0.0%
SFR2                 0      0       0       5        0.0%
BITBANK1            50      0       0       6        0.0%
BANK1               50      0       0       7        0.0%
BITBANK3            60      0       0       8        0.0%
BANK3               60      0       0       9        0.0%
BITBANK2            60      0       0      10        0.0%
BANK2               60      0       0      11        0.0%
DATA                 0      0      10      12        0.0%


Microchip Technology PIC Macro Assembler V2.31 build 20201012212115 
Symbol Table                                                                                   Fri Jun 04 18:55:05 2021

                    l131 01F3                      l132 0205                      l133 0205  
                    l129 01EF                      _PR2 0092                      u600 01F3  
                    u601 01F2                      u617 01B7                      _isr 00E0  
                    fsr0 0004                     l1111 018D                     l1121 0198  
                   l1113 018E                     l1131 019F                     l1123 0199  
                   l1115 0192                     l1141 01A4                     l1133 01A0  
                   l1125 019A                     l1117 0193                     l1109 0189  
                   l1151 01AF                     l1143 01A5                     l1135 01A1  
                   l1127 019B                     l1119 0196                     l1161 01C7  
                   l1153 01B0                     l1145 01AA                     l1137 01A2  
                   l1129 019E                     l1171 01D6                     l1163 01C9  
                   l1155 01B3                     l1147 01AB                     l1139 01A3  
                   l1181 01E2                     l1173 01D7                     l1165 01CB  
                   l1157 01BA                     l1149 01AE                     l1191 01EA  
                   l1183 01E4                     l1175 01DA                     l1167 01CE  
                   l1159 01BD                     l1193 01EB                     l1185 01E6  
                   l1177 01DD                     l1169 01D4                     l1195 01EC  
                   l1187 01E8                     l1179 01E1                     l1197 01EE  
                   l1189 01E9                     _ADIF 0066                     ?_isr 0070  
                   i1l84 00DE                     _TMR0 0001                     _main 0189  
                   btemp 007E                     start 000E                    ??_isr 0073  
                  ?_main 0070                    _ANSEL 0188                    i1l100 00DE  
                  i1l121 0165                    i1l106 00DF                    i1l124 0180  
                  i1l981 0035                    i1l973 001E                    i1l991 0051  
                  i1l983 003A                    i1l975 0024                    i1l993 0057  
                  i1l985 0040                    i1l977 0029                    i1l995 005C  
                  i1l987 0046                    i1l979 002F                    i1l997 0062  
                  i1l989 004B                    i1l999 0068                    u31_20 0024  
                  u31_21 0023                    u40_20 0073                    u32_20 002F  
                  u40_21 0072                    u32_21 002E                    u41_20 0079  
                  u33_20 0035                    u41_21 0078                    u33_21 0034  
                  _TMR1H 000F                    _TMR1L 000E                    u50_20 00C8  
                  u42_20 0084                    u34_20 0040                    u50_21 00C7  
                  u42_21 0083                    u34_21 003F                    u51_20 00CE  
                  u43_20 008A                    u35_20 0046                    u51_21 00CD  
                  u43_21 0089                    u35_21 0045                    _PORTA 0005  
                  _PORTB 0006                    _PORTC 0007                    _PORTD 0008  
                  _PORTE 0009                    u52_20 00D9                    u44_20 0095  
                  u36_20 0051                    u52_21 00D8                    u44_21 0094  
                  u36_21 0050                    u45_20 009B                    u37_20 0057  
                  u53_20 00E6                    u45_21 009A                    u37_21 0056  
                  u53_21 00E5                    u46_20 00A6                    u38_20 0062  
                  u54_20 0148                    u46_21 00A5                    u38_21 0061  
                  u54_21 0147                    u62_27 013E                    u47_20 00AC  
                  u39_20 0068                    u55_20 0150                    u47_21 00AB  
                  u39_21 0067                    u55_21 014F                    u48_20 00B7  
                  u56_20 0159                    u48_21 00B6                    u56_21 0158  
                  u49_20 00BD                    u57_20 0161                    u49_21 00BC  
                  u57_21 0160                    _TRISA 0085                    _TRISB 0086  
                  _TRISC 0087                    _TRISD 0088                    _TRISE 0089  
                  u58_20 016A                    u58_21 0169                    u59_20 0173  
                  u59_21 0172                    pclath 000A                    status 0003  
                  wtemp0 007E          __initialization 0011             __end_of_main 0209  
                 ??_main 0021                   _ADRESH 001E                   _CCPR1L 0015  
                 _CCPR2L 001B                   _ANSELH 0189                   i1l1001 006D  
                 i1l1011 008A                   i1l1003 0073                   i1l1021 00A6  
                 i1l1013 008F                   i1l1005 0079                   i1l1101 017E  
                 i1l1031 00C2                   i1l1023 00AC                   i1l1015 0095  
                 i1l1007 007E                   i1l1103 017F                   i1l1033 00C8  
                 i1l1025 00B1                   i1l1017 009B                   i1l1009 0084  
                 i1l1035 00CE                   i1l1027 00B7                   i1l1019 00A0  
                 i1l1051 00FD                   i1l1043 00E0                   i1l1037 00D3  
                 i1l1029 00BD                   i1l1053 0109                   i1l1061 0123  
                 i1l1039 00D9                   i1l1071 0148                   i1l1055 0110  
                 i1l1063 013C                   i1l1047 00E7                   i1l1081 015A  
                 i1l1073 0150                   i1l1065 0140                   i1l1057 011C  
                 i1l1049 00F2                   i1l1083 015C                   i1l1075 0151  
                 i1l1091 016F                   i1l1067 0143                   i1l1219 012E  
                 i1l1093 0173                   i1l1085 0161                   i1l1077 0153  
                 i1l1069 0144                   i1l1095 0179                   i1l1087 016A  
                 i1l1079 0159                   i1l1097 017B                   i1l1089 016E  
                 i1l1099 017D                   saved_w 007E  __end_of__initialization 0019  
         __pcstackCOMMON 0070      numresets@tmr0resets 0071           _OPTION_REGbits 0081  
             __pbssBANK0 0020               __pmaintext 0189               __pintentry 0004  
     __size_of_numresets 00C3                  __ptext1 00E0                  __ptext2 001D  
              _T1CONbits 0010                _T2CONbits 0012             __size_of_isr 00A9  
   end_of_initialization 0019        __end_of_numresets 00E0                _PORTDbits 0008  
              _TRISCbits 0087              _CCP1CONbits 0017              _CCP2CONbits 001D  
    start_initialization 0011              __end_of_isr 0189              __pbssCOMMON 0079  
              ___latbits 0002            __pcstackBANK0 0021        interrupt_function 0004  
               _PIE1bits 008C                 _PIR1bits 000C                _numresets 001D  
             _ADCON0bits 001F               _ADCON1bits 009F         numresets@potbang 0072  
             ?_numresets 0070                 _habcont0 0079                 _habcont1 0020  
               _contpot0 007B                 _contpot1 007A            __size_of_main 0080  
               _potbang0 007D                 _potbang1 007C               _INTCONbits 000B  
               intlevel1 0000               _OSCCONbits 008F              ??_numresets 0070  
